{"C:\\Users\\ASUS\\Documents\\LearnNodeJs\\testing\\gradeTest.js": {"path":"C:\\Users\\ASUS\\Documents\\LearnNodeJs\\testing\\gradeTest.js","statementMap":{"0":{"start":{"line":1,"column":20},"end":{"line":8,"column":1}},"1":{"start":{"line":2,"column":29},"end":{"line":2,"column":78}},"2":{"start":{"line":2,"column":53},"end":{"line":2,"column":77}},"3":{"start":{"line":3,"column":4},"end":{"line":4,"column":35}},"4":{"start":{"line":4,"column":4},"end":{"line":4,"column":35}},"5":{"start":{"line":6,"column":22},"end":{"line":6,"column":98}},"6":{"start":{"line":6,"column":70},"end":{"line":6,"column":94}},"7":{"start":{"line":7,"column":4},"end":{"line":7,"column":38}},"8":{"start":{"line":10,"column":17},"end":{"line":21,"column":1}},"9":{"start":{"line":11,"column":21},"end":{"line":11,"column":23}},"10":{"start":{"line":12,"column":20},"end":{"line":12,"column":42}},"11":{"start":{"line":14,"column":4},"end":{"line":20,"column":5}},"12":{"start":{"line":15,"column":8},"end":{"line":15,"column":47}},"13":{"start":{"line":16,"column":8},"end":{"line":16,"column":20}},"14":{"start":{"line":18,"column":8},"end":{"line":18,"column":53}},"15":{"start":{"line":19,"column":8},"end":{"line":19,"column":21}},"16":{"start":{"line":22,"column":17},"end":{"line":22,"column":28}},"17":{"start":{"line":23,"column":14},"end":{"line":23,"column":39}},"18":{"start":{"line":24,"column":0},"end":{"line":24,"column":19}},"19":{"start":{"line":26,"column":0},"end":{"line":26,"column":43}}},"fnMap":{"0":{"name":"(anonymous_0)","decl":{"start":{"line":1,"column":20},"end":{"line":1,"column":21}},"loc":{"start":{"line":1,"column":35},"end":{"line":8,"column":1}},"line":1},"1":{"name":"(anonymous_1)","decl":{"start":{"line":2,"column":45},"end":{"line":2,"column":46}},"loc":{"start":{"line":2,"column":53},"end":{"line":2,"column":77}},"line":2},"2":{"name":"(anonymous_2)","decl":{"start":{"line":6,"column":39},"end":{"line":6,"column":40}},"loc":{"start":{"line":6,"column":70},"end":{"line":6,"column":94}},"line":6},"3":{"name":"(anonymous_3)","decl":{"start":{"line":10,"column":17},"end":{"line":10,"column":18}},"loc":{"start":{"line":10,"column":38},"end":{"line":21,"column":1}},"line":10}},"branchMap":{"0":{"loc":{"start":{"line":3,"column":4},"end":{"line":4,"column":35}},"type":"if","locations":[{"start":{"line":3,"column":4},"end":{"line":4,"column":35}},{"start":{"line":3,"column":4},"end":{"line":4,"column":35}}],"line":3},"1":{"loc":{"start":{"line":14,"column":4},"end":{"line":20,"column":5}},"type":"if","locations":[{"start":{"line":14,"column":4},"end":{"line":20,"column":5}},{"start":{"line":14,"column":4},"end":{"line":20,"column":5}}],"line":14}},"s":{"0":1,"1":6,"2":19,"3":6,"4":1,"5":5,"6":17,"7":5,"8":1,"9":3,"10":3,"11":3,"12":2,"13":2,"14":1,"15":1,"16":1,"17":1,"18":1,"19":1},"f":{"0":6,"1":19,"2":17,"3":3},"b":{"0":[1,5],"1":[2,1]},"_coverageSchema":"1a1c01bbd47fc00a2c39e90264f33305004495a9","hash":"53097f7159b88130688f55d70e3d5a552e061f76"}
}
